{"timestamp":"2026-03-09T23:04:01.316244Z","level":"info","event":"DAG bundles loaded: dags-folder, example_dags","logger":"airflow.dag_processing.bundles.manager.DagBundlesManager","filename":"manager.py","lineno":179}
{"timestamp":"2026-03-09T23:04:01.317572Z","level":"info","event":"Filling up the DagBag from /opt/airflow/dags/pipeline_clima_dag.py","logger":"airflow.models.dagbag.BundleDagBag","filename":"dagbag.py","lineno":593}
{"timestamp":"2026-03-09T23:04:01.415027Z","level":"info","event":"Task instance is in running state","logger":"task.stdout"}
{"timestamp":"2026-03-09T23:04:01.415351Z","level":"info","event":" Previous state of the Task instance: TaskInstanceState.QUEUED","logger":"task.stdout"}
{"timestamp":"2026-03-09T23:04:01.415711Z","level":"info","event":"Current task name:bronze","logger":"task.stdout"}
{"timestamp":"2026-03-09T23:04:01.416350Z","level":"info","event":"Dag name:pipeline_clima_19","logger":"task.stdout"}
{"timestamp":"2026-03-09T23:04:01.416766Z","level":"info","event":" Buscando clima de Sao Paulo/SP...","logger":"task.stdout"}
{"timestamp":"2026-03-09T23:04:01.776319Z","level":"info","event":" Salvo em: C:\\Users\\x\\Desktop\\Engenharia de Dados - MBA\\Projetos - Estudo\\Pipeline de Dados - Clima\\dados\\bronze\\clima/sp_sao_paulo_20260309T230401Z.json","logger":"task.stdout"}
{"timestamp":"2026-03-09T23:04:01.776654Z","level":"info","event":" Buscando clima de Campinas/SP...","logger":"task.stdout"}
{"timestamp":"2026-03-09T23:04:02.119175Z","level":"info","event":" Salvo em: C:\\Users\\x\\Desktop\\Engenharia de Dados - MBA\\Projetos - Estudo\\Pipeline de Dados - Clima\\dados\\bronze\\clima/sp_campinas_20260309T230402Z.json","logger":"task.stdout"}
{"timestamp":"2026-03-09T23:04:02.119494Z","level":"info","event":" Buscando clima de Santos/SP...","logger":"task.stdout"}
{"timestamp":"2026-03-09T23:04:02.463604Z","level":"info","event":" Salvo em: C:\\Users\\x\\Desktop\\Engenharia de Dados - MBA\\Projetos - Estudo\\Pipeline de Dados - Clima\\dados\\bronze\\clima/sp_santos_20260309T230402Z.json","logger":"task.stdout"}
{"timestamp":"2026-03-09T23:04:02.463941Z","level":"info","event":" Buscando clima de Rio de Janeiro/RJ...","logger":"task.stdout"}
{"timestamp":"2026-03-09T23:04:02.818045Z","level":"info","event":" Salvo em: C:\\Users\\x\\Desktop\\Engenharia de Dados - MBA\\Projetos - Estudo\\Pipeline de Dados - Clima\\dados\\bronze\\clima/rj_rio_de_janeiro_20260309T230402Z.json","logger":"task.stdout"}
{"timestamp":"2026-03-09T23:04:02.818603Z","level":"info","event":" Buscando clima de Niteroi/RJ...","logger":"task.stdout"}
{"timestamp":"2026-03-09T23:04:03.163475Z","level":"info","event":" Salvo em: C:\\Users\\x\\Desktop\\Engenharia de Dados - MBA\\Projetos - Estudo\\Pipeline de Dados - Clima\\dados\\bronze\\clima/rj_niteroi_20260309T230403Z.json","logger":"task.stdout"}
{"timestamp":"2026-03-09T23:04:03.163797Z","level":"info","event":" Buscando clima de Petropolis/RJ...","logger":"task.stdout"}
{"timestamp":"2026-03-09T23:04:03.514069Z","level":"info","event":" Salvo em: C:\\Users\\x\\Desktop\\Engenharia de Dados - MBA\\Projetos - Estudo\\Pipeline de Dados - Clima\\dados\\bronze\\clima/rj_petropolis_20260309T230403Z.json","logger":"task.stdout"}
{"timestamp":"2026-03-09T23:04:03.514611Z","level":"info","event":"Done. Returned value was: None","logger":"airflow.task.operators.airflow.providers.standard.operators.python.PythonOperator","filename":"python.py","lineno":230}
{"timestamp":"2026-03-09T23:04:03.528448Z","level":"info","event":"Task instance in success state","logger":"task.stdout"}
{"timestamp":"2026-03-09T23:04:03.528824Z","level":"info","event":" Previous state of the Task instance: TaskInstanceState.RUNNING","logger":"task.stdout"}
{"timestamp":"2026-03-09T23:04:03.529126Z","level":"info","event":"Task operator:<Task(PythonOperator): bronze>","logger":"task.stdout"}
