{"timestamp":"2026-03-20T22:16:17.390823Z","level":"info","event":"DAG bundles loaded: dags-folder, example_dags","logger":"airflow.dag_processing.bundles.manager.DagBundlesManager","filename":"manager.py","lineno":179}
{"timestamp":"2026-03-20T22:16:17.392605Z","level":"info","event":"Filling up the DagBag from /opt/airflow/dags/pipeline_clima_dag.py","logger":"airflow.models.dagbag.BundleDagBag","filename":"dagbag.py","lineno":593}
{"timestamp":"2026-03-20T22:16:17.546655Z","level":"info","event":"Task instance is in running state","logger":"task.stdout"}
{"timestamp":"2026-03-20T22:16:17.547055Z","level":"info","event":" Previous state of the Task instance: TaskInstanceState.QUEUED","logger":"task.stdout"}
{"timestamp":"2026-03-20T22:16:17.547577Z","level":"info","event":"Current task name:bronze","logger":"task.stdout"}
{"timestamp":"2026-03-20T22:16:17.547815Z","level":"info","event":"Dag name:pipeline_clima_19","logger":"task.stdout"}
{"timestamp":"2026-03-20T22:16:17.549514Z","level":"info","event":" Buscando clima de Sao Paulo/SP...","logger":"task.stdout"}
{"timestamp":"2026-03-20T22:16:17.918690Z","level":"info","event":" Salvo em: /opt/airflow/dados/bronze/clima/sp_sao_paulo_20260320T221617Z.json","logger":"task.stdout"}
{"timestamp":"2026-03-20T22:16:17.919003Z","level":"info","event":" Buscando clima de Campinas/SP...","logger":"task.stdout"}
{"timestamp":"2026-03-20T22:16:18.277790Z","level":"info","event":" Salvo em: /opt/airflow/dados/bronze/clima/sp_campinas_20260320T221618Z.json","logger":"task.stdout"}
{"timestamp":"2026-03-20T22:16:18.278120Z","level":"info","event":" Buscando clima de Santos/SP...","logger":"task.stdout"}
{"timestamp":"2026-03-20T22:16:18.639259Z","level":"info","event":" Salvo em: /opt/airflow/dados/bronze/clima/sp_santos_20260320T221618Z.json","logger":"task.stdout"}
{"timestamp":"2026-03-20T22:16:18.639581Z","level":"info","event":" Buscando clima de Rio de Janeiro/RJ...","logger":"task.stdout"}
{"timestamp":"2026-03-20T22:16:19.102475Z","level":"info","event":" Salvo em: /opt/airflow/dados/bronze/clima/rj_rio_de_janeiro_20260320T221619Z.json","logger":"task.stdout"}
{"timestamp":"2026-03-20T22:16:19.102826Z","level":"info","event":" Buscando clima de Niteroi/RJ...","logger":"task.stdout"}
{"timestamp":"2026-03-20T22:16:19.509456Z","level":"info","event":" Salvo em: /opt/airflow/dados/bronze/clima/rj_niteroi_20260320T221619Z.json","logger":"task.stdout"}
{"timestamp":"2026-03-20T22:16:19.509902Z","level":"info","event":" Buscando clima de Petropolis/RJ...","logger":"task.stdout"}
{"timestamp":"2026-03-20T22:16:19.933881Z","level":"info","event":" Salvo em: /opt/airflow/dados/bronze/clima/rj_petropolis_20260320T221619Z.json","logger":"task.stdout"}
{"timestamp":"2026-03-20T22:16:19.934629Z","level":"info","event":"Done. Returned value was: None","logger":"airflow.task.operators.airflow.providers.standard.operators.python.PythonOperator","filename":"python.py","lineno":230}
{"timestamp":"2026-03-20T22:16:19.965238Z","level":"info","event":"Task instance in success state","logger":"task.stdout"}
{"timestamp":"2026-03-20T22:16:19.965621Z","level":"info","event":" Previous state of the Task instance: TaskInstanceState.RUNNING","logger":"task.stdout"}
{"timestamp":"2026-03-20T22:16:19.966028Z","level":"info","event":"Task operator:<Task(PythonOperator): bronze>","logger":"task.stdout"}
{"timestamp":"2026-03-20T22:42:39.168664Z","level":"info","event":"DAG bundles loaded: dags-folder, example_dags","logger":"airflow.dag_processing.bundles.manager.DagBundlesManager","filename":"manager.py","lineno":179}
{"timestamp":"2026-03-20T22:42:39.170340Z","level":"info","event":"Filling up the DagBag from /opt/airflow/dags/pipeline_clima_dag.py","logger":"airflow.models.dagbag.BundleDagBag","filename":"dagbag.py","lineno":593}
{"timestamp":"2026-03-20T22:42:39.295069Z","level":"info","event":"Task instance is in running state","logger":"task.stdout"}
{"timestamp":"2026-03-20T22:42:39.295515Z","level":"info","event":" Previous state of the Task instance: TaskInstanceState.QUEUED","logger":"task.stdout"}
{"timestamp":"2026-03-20T22:42:39.295945Z","level":"info","event":"Current task name:bronze","logger":"task.stdout"}
{"timestamp":"2026-03-20T22:42:39.296213Z","level":"info","event":"Dag name:pipeline_clima_19","logger":"task.stdout"}
{"timestamp":"2026-03-20T22:42:39.297374Z","level":"info","event":" Buscando clima de Sao Paulo/SP...","logger":"task.stdout"}
{"timestamp":"2026-03-20T22:42:39.679680Z","level":"info","event":" Salvo em: /opt/airflow/dados/bronze/clima/sp_sao_paulo_20260320T224239Z.json","logger":"task.stdout"}
{"timestamp":"2026-03-20T22:42:39.680314Z","level":"info","event":" Buscando clima de Campinas/SP...","logger":"task.stdout"}
{"timestamp":"2026-03-20T22:42:40.057934Z","level":"info","event":" Salvo em: /opt/airflow/dados/bronze/clima/sp_campinas_20260320T224240Z.json","logger":"task.stdout"}
{"timestamp":"2026-03-20T22:42:40.058387Z","level":"info","event":" Buscando clima de Santos/SP...","logger":"task.stdout"}
{"timestamp":"2026-03-20T22:42:40.435719Z","level":"info","event":" Salvo em: /opt/airflow/dados/bronze/clima/sp_santos_20260320T224240Z.json","logger":"task.stdout"}
{"timestamp":"2026-03-20T22:42:40.436109Z","level":"info","event":" Buscando clima de Rio de Janeiro/RJ...","logger":"task.stdout"}
{"timestamp":"2026-03-20T22:42:40.808193Z","level":"info","event":" Salvo em: /opt/airflow/dados/bronze/clima/rj_rio_de_janeiro_20260320T224240Z.json","logger":"task.stdout"}
{"timestamp":"2026-03-20T22:42:40.808558Z","level":"info","event":" Buscando clima de Niteroi/RJ...","logger":"task.stdout"}
{"timestamp":"2026-03-20T22:42:41.184089Z","level":"info","event":" Salvo em: /opt/airflow/dados/bronze/clima/rj_niteroi_20260320T224241Z.json","logger":"task.stdout"}
{"timestamp":"2026-03-20T22:42:41.184716Z","level":"info","event":" Buscando clima de Petropolis/RJ...","logger":"task.stdout"}
{"timestamp":"2026-03-20T22:42:41.602047Z","level":"info","event":" Salvo em: /opt/airflow/dados/bronze/clima/rj_petropolis_20260320T224241Z.json","logger":"task.stdout"}
{"timestamp":"2026-03-20T22:42:41.604377Z","level":"info","event":"Done. Returned value was: None","logger":"airflow.task.operators.airflow.providers.standard.operators.python.PythonOperator","filename":"python.py","lineno":230}
{"timestamp":"2026-03-20T22:42:41.708131Z","level":"info","event":"Task instance in success state","logger":"task.stdout"}
{"timestamp":"2026-03-20T22:42:41.708882Z","level":"info","event":" Previous state of the Task instance: TaskInstanceState.RUNNING","logger":"task.stdout"}
{"timestamp":"2026-03-20T22:42:41.709540Z","level":"info","event":"Task operator:<Task(PythonOperator): bronze>","logger":"task.stdout"}
