{"timestamp":"2026-03-21T18:53:19.428862Z","level":"info","event":"DAG bundles loaded: dags-folder, example_dags","logger":"airflow.dag_processing.bundles.manager.DagBundlesManager","filename":"manager.py","lineno":179}
{"timestamp":"2026-03-21T18:53:19.430283Z","level":"info","event":"Filling up the DagBag from /opt/airflow/dags/pipeline_clima_dag.py","logger":"airflow.models.dagbag.BundleDagBag","filename":"dagbag.py","lineno":593}
{"timestamp":"2026-03-21T18:53:19.529523Z","level":"info","event":"Task instance is in running state","logger":"task.stdout"}
{"timestamp":"2026-03-21T18:53:19.529880Z","level":"info","event":" Previous state of the Task instance: TaskInstanceState.QUEUED","logger":"task.stdout"}
{"timestamp":"2026-03-21T18:53:19.530342Z","level":"info","event":"Current task name:bronze","logger":"task.stdout"}
{"timestamp":"2026-03-21T18:53:19.530549Z","level":"info","event":"Dag name:pipeline_clima_1930","logger":"task.stdout"}
{"timestamp":"2026-03-21T18:53:19.531919Z","level":"info","event":" Buscando clima de Sao Paulo/SP...","logger":"task.stdout"}
{"timestamp":"2026-03-21T18:53:19.892526Z","level":"info","event":" Salvo em: /opt/airflow/dados/bronze/clima/sp_sao_paulo_20260321T185319Z.json","logger":"task.stdout"}
{"timestamp":"2026-03-21T18:53:19.892838Z","level":"info","event":" Buscando clima de Campinas/SP...","logger":"task.stdout"}
{"timestamp":"2026-03-21T18:53:20.257124Z","level":"info","event":" Salvo em: /opt/airflow/dados/bronze/clima/sp_campinas_20260321T185320Z.json","logger":"task.stdout"}
{"timestamp":"2026-03-21T18:53:20.257486Z","level":"info","event":" Buscando clima de Santos/SP...","logger":"task.stdout"}
{"timestamp":"2026-03-21T18:53:20.628763Z","level":"info","event":" Salvo em: /opt/airflow/dados/bronze/clima/sp_santos_20260321T185320Z.json","logger":"task.stdout"}
{"timestamp":"2026-03-21T18:53:20.629079Z","level":"info","event":" Buscando clima de Rio de Janeiro/RJ...","logger":"task.stdout"}
{"timestamp":"2026-03-21T18:53:20.989884Z","level":"info","event":" Salvo em: /opt/airflow/dados/bronze/clima/rj_rio_de_janeiro_20260321T185320Z.json","logger":"task.stdout"}
{"timestamp":"2026-03-21T18:53:20.990145Z","level":"info","event":" Buscando clima de Niteroi/RJ...","logger":"task.stdout"}
{"timestamp":"2026-03-21T18:53:21.360496Z","level":"info","event":" Salvo em: /opt/airflow/dados/bronze/clima/rj_niteroi_20260321T185321Z.json","logger":"task.stdout"}
{"timestamp":"2026-03-21T18:53:21.360774Z","level":"info","event":" Buscando clima de Petropolis/RJ...","logger":"task.stdout"}
{"timestamp":"2026-03-21T18:53:21.721821Z","level":"info","event":" Salvo em: /opt/airflow/dados/bronze/clima/rj_petropolis_20260321T185321Z.json","logger":"task.stdout"}
{"timestamp":"2026-03-21T18:53:21.722345Z","level":"info","event":"Done. Returned value was: None","logger":"airflow.task.operators.airflow.providers.standard.operators.python.PythonOperator","filename":"python.py","lineno":230}
{"timestamp":"2026-03-21T18:53:21.743705Z","level":"info","event":"Task instance in success state","logger":"task.stdout"}
{"timestamp":"2026-03-21T18:53:21.744400Z","level":"info","event":" Previous state of the Task instance: TaskInstanceState.RUNNING","logger":"task.stdout"}
{"timestamp":"2026-03-21T18:53:21.744824Z","level":"info","event":"Task operator:<Task(PythonOperator): bronze>","logger":"task.stdout"}
