{"timestamp":"2026-03-21T19:30:02.566107Z","level":"info","event":"DAG bundles loaded: dags-folder, example_dags","logger":"airflow.dag_processing.bundles.manager.DagBundlesManager","filename":"manager.py","lineno":179}
{"timestamp":"2026-03-21T19:30:02.567857Z","level":"info","event":"Filling up the DagBag from /opt/airflow/dags/pipeline_clima_dag.py","logger":"airflow.models.dagbag.BundleDagBag","filename":"dagbag.py","lineno":593}
{"timestamp":"2026-03-21T19:30:02.686862Z","level":"info","event":"Task instance is in running state","logger":"task.stdout"}
{"timestamp":"2026-03-21T19:30:02.687225Z","level":"info","event":" Previous state of the Task instance: TaskInstanceState.QUEUED","logger":"task.stdout"}
{"timestamp":"2026-03-21T19:30:02.687661Z","level":"info","event":"Current task name:bronze","logger":"task.stdout"}
{"timestamp":"2026-03-21T19:30:02.687884Z","level":"info","event":"Dag name:pipeline_clima_1930","logger":"task.stdout"}
{"timestamp":"2026-03-21T19:30:02.689443Z","level":"info","event":" Buscando clima de Rio Branco/AC...","logger":"task.stdout"}
{"timestamp":"2026-03-21T19:30:03.125306Z","level":"info","event":" Salvo em: /opt/airflow/dados/bronze/clima/ac_rio_branco_20260321T193003Z.json","logger":"task.stdout"}
{"timestamp":"2026-03-21T19:30:03.125653Z","level":"info","event":" Buscando clima de Maceio/AL...","logger":"task.stdout"}
{"timestamp":"2026-03-21T19:30:03.514195Z","level":"info","event":" Salvo em: /opt/airflow/dados/bronze/clima/al_maceio_20260321T193003Z.json","logger":"task.stdout"}
{"timestamp":"2026-03-21T19:30:03.515324Z","level":"info","event":" Buscando clima de Macapa/AP...","logger":"task.stdout"}
{"timestamp":"2026-03-21T19:30:03.920157Z","level":"info","event":" Salvo em: /opt/airflow/dados/bronze/clima/ap_macapa_20260321T193003Z.json","logger":"task.stdout"}
{"timestamp":"2026-03-21T19:30:03.920497Z","level":"info","event":" Buscando clima de Manaus/AM...","logger":"task.stdout"}
{"timestamp":"2026-03-21T19:30:04.314247Z","level":"info","event":" Salvo em: /opt/airflow/dados/bronze/clima/am_manaus_20260321T193004Z.json","logger":"task.stdout"}
{"timestamp":"2026-03-21T19:30:04.314570Z","level":"info","event":" Buscando clima de Salvador/BA...","logger":"task.stdout"}
{"timestamp":"2026-03-21T19:30:04.712623Z","level":"info","event":" Salvo em: /opt/airflow/dados/bronze/clima/ba_salvador_20260321T193004Z.json","logger":"task.stdout"}
{"timestamp":"2026-03-21T19:30:04.712946Z","level":"info","event":" Buscando clima de Fortaleza/CE...","logger":"task.stdout"}
{"timestamp":"2026-03-21T19:30:05.101414Z","level":"info","event":" Salvo em: /opt/airflow/dados/bronze/clima/ce_fortaleza_20260321T193005Z.json","logger":"task.stdout"}
{"timestamp":"2026-03-21T19:30:05.101728Z","level":"info","event":" Buscando clima de Brasilia/DF...","logger":"task.stdout"}
{"timestamp":"2026-03-21T19:30:05.500647Z","level":"info","event":" Salvo em: /opt/airflow/dados/bronze/clima/df_brasilia_20260321T193005Z.json","logger":"task.stdout"}
{"timestamp":"2026-03-21T19:30:05.501133Z","level":"info","event":" Buscando clima de Vitoria/ES...","logger":"task.stdout"}
{"timestamp":"2026-03-21T19:30:05.904731Z","level":"info","event":" Salvo em: /opt/airflow/dados/bronze/clima/es_vitoria_20260321T193005Z.json","logger":"task.stdout"}
{"timestamp":"2026-03-21T19:30:05.905044Z","level":"info","event":" Buscando clima de Goiania/GO...","logger":"task.stdout"}
{"timestamp":"2026-03-21T19:30:06.295107Z","level":"info","event":" Salvo em: /opt/airflow/dados/bronze/clima/go_goiania_20260321T193006Z.json","logger":"task.stdout"}
{"timestamp":"2026-03-21T19:30:06.295401Z","level":"info","event":" Buscando clima de Sao Luis/MA...","logger":"task.stdout"}
{"timestamp":"2026-03-21T19:30:06.694428Z","level":"info","event":" Salvo em: /opt/airflow/dados/bronze/clima/ma_sao_luis_20260321T193006Z.json","logger":"task.stdout"}
{"timestamp":"2026-03-21T19:30:06.694865Z","level":"info","event":" Buscando clima de Cuiaba/MT...","logger":"task.stdout"}
{"timestamp":"2026-03-21T19:30:07.097568Z","level":"info","event":" Salvo em: /opt/airflow/dados/bronze/clima/mt_cuiaba_20260321T193007Z.json","logger":"task.stdout"}
{"timestamp":"2026-03-21T19:30:07.097901Z","level":"info","event":" Buscando clima de Campo Grande/MS...","logger":"task.stdout"}
{"timestamp":"2026-03-21T19:30:07.491668Z","level":"info","event":" Salvo em: /opt/airflow/dados/bronze/clima/ms_campo_grande_20260321T193007Z.json","logger":"task.stdout"}
{"timestamp":"2026-03-21T19:30:07.492148Z","level":"info","event":" Buscando clima de Belo Horizonte/MG...","logger":"task.stdout"}
{"timestamp":"2026-03-21T19:30:07.889205Z","level":"info","event":" Salvo em: /opt/airflow/dados/bronze/clima/mg_belo_horizonte_20260321T193007Z.json","logger":"task.stdout"}
{"timestamp":"2026-03-21T19:30:07.889516Z","level":"info","event":" Buscando clima de Belem/PA...","logger":"task.stdout"}
{"timestamp":"2026-03-21T19:30:08.277813Z","level":"info","event":" Salvo em: /opt/airflow/dados/bronze/clima/pa_belem_20260321T193008Z.json","logger":"task.stdout"}
{"timestamp":"2026-03-21T19:30:08.278131Z","level":"info","event":" Buscando clima de Joao Pessoa/PB...","logger":"task.stdout"}
{"timestamp":"2026-03-21T19:30:08.668690Z","level":"info","event":" Salvo em: /opt/airflow/dados/bronze/clima/pb_joao_pessoa_20260321T193008Z.json","logger":"task.stdout"}
{"timestamp":"2026-03-21T19:30:08.669613Z","level":"info","event":" Buscando clima de Curitiba/PR...","logger":"task.stdout"}
{"timestamp":"2026-03-21T19:30:09.076561Z","level":"info","event":" Salvo em: /opt/airflow/dados/bronze/clima/pr_curitiba_20260321T193009Z.json","logger":"task.stdout"}
{"timestamp":"2026-03-21T19:30:09.076844Z","level":"info","event":" Buscando clima de Recife/PE...","logger":"task.stdout"}
{"timestamp":"2026-03-21T19:30:09.468397Z","level":"info","event":" Salvo em: /opt/airflow/dados/bronze/clima/pe_recife_20260321T193009Z.json","logger":"task.stdout"}
{"timestamp":"2026-03-21T19:30:09.468704Z","level":"info","event":" Buscando clima de Teresina/PI...","logger":"task.stdout"}
{"timestamp":"2026-03-21T19:30:09.871082Z","level":"info","event":" Salvo em: /opt/airflow/dados/bronze/clima/pi_teresina_20260321T193009Z.json","logger":"task.stdout"}
{"timestamp":"2026-03-21T19:30:09.871456Z","level":"info","event":" Buscando clima de Rio de Janeiro/RJ...","logger":"task.stdout"}
{"timestamp":"2026-03-21T19:30:10.265627Z","level":"info","event":" Salvo em: /opt/airflow/dados/bronze/clima/rj_rio_de_janeiro_20260321T193010Z.json","logger":"task.stdout"}
{"timestamp":"2026-03-21T19:30:10.266115Z","level":"info","event":" Buscando clima de Natal/RN...","logger":"task.stdout"}
{"timestamp":"2026-03-21T19:30:10.656606Z","level":"info","event":" Salvo em: /opt/airflow/dados/bronze/clima/rn_natal_20260321T193010Z.json","logger":"task.stdout"}
{"timestamp":"2026-03-21T19:30:10.656950Z","level":"info","event":" Buscando clima de Porto Alegre/RS...","logger":"task.stdout"}
{"timestamp":"2026-03-21T19:30:11.062331Z","level":"info","event":" Salvo em: /opt/airflow/dados/bronze/clima/rs_porto_alegre_20260321T193011Z.json","logger":"task.stdout"}
{"timestamp":"2026-03-21T19:30:11.062860Z","level":"info","event":" Buscando clima de Porto Velho/RO...","logger":"task.stdout"}
{"timestamp":"2026-03-21T19:30:11.460664Z","level":"info","event":" Salvo em: /opt/airflow/dados/bronze/clima/ro_porto_velho_20260321T193011Z.json","logger":"task.stdout"}
{"timestamp":"2026-03-21T19:30:11.460982Z","level":"info","event":" Buscando clima de Boa Vista/RR...","logger":"task.stdout"}
{"timestamp":"2026-03-21T19:30:11.866229Z","level":"info","event":" Salvo em: /opt/airflow/dados/bronze/clima/rr_boa_vista_20260321T193011Z.json","logger":"task.stdout"}
{"timestamp":"2026-03-21T19:30:11.866719Z","level":"info","event":" Buscando clima de Florianopolis/SC...","logger":"task.stdout"}
{"timestamp":"2026-03-21T19:30:12.297231Z","level":"info","event":" Salvo em: /opt/airflow/dados/bronze/clima/sc_florianopolis_20260321T193012Z.json","logger":"task.stdout"}
{"timestamp":"2026-03-21T19:30:12.297636Z","level":"info","event":" Buscando clima de Sao Paulo/SP...","logger":"task.stdout"}
{"timestamp":"2026-03-21T19:30:12.687823Z","level":"info","event":" Salvo em: /opt/airflow/dados/bronze/clima/sp_sao_paulo_20260321T193012Z.json","logger":"task.stdout"}
{"timestamp":"2026-03-21T19:30:12.688133Z","level":"info","event":" Buscando clima de Aracaju/SE...","logger":"task.stdout"}
{"timestamp":"2026-03-21T19:30:13.078061Z","level":"info","event":" Salvo em: /opt/airflow/dados/bronze/clima/se_aracaju_20260321T193013Z.json","logger":"task.stdout"}
{"timestamp":"2026-03-21T19:30:13.078346Z","level":"info","event":" Buscando clima de Palmas/TO...","logger":"task.stdout"}
{"timestamp":"2026-03-21T19:30:13.502593Z","level":"info","event":" Salvo em: /opt/airflow/dados/bronze/clima/to_palmas_20260321T193013Z.json","logger":"task.stdout"}
{"timestamp":"2026-03-21T19:30:13.503097Z","level":"info","event":"Done. Returned value was: None","logger":"airflow.task.operators.airflow.providers.standard.operators.python.PythonOperator","filename":"python.py","lineno":230}
{"timestamp":"2026-03-21T19:30:13.524632Z","level":"info","event":"Task instance in success state","logger":"task.stdout"}
{"timestamp":"2026-03-21T19:30:13.525287Z","level":"info","event":" Previous state of the Task instance: TaskInstanceState.RUNNING","logger":"task.stdout"}
{"timestamp":"2026-03-21T19:30:13.525853Z","level":"info","event":"Task operator:<Task(PythonOperator): bronze>","logger":"task.stdout"}
