{"timestamp":"2026-03-21T19:00:01.423212Z","level":"info","event":"DAG bundles loaded: dags-folder, example_dags","logger":"airflow.dag_processing.bundles.manager.DagBundlesManager","filename":"manager.py","lineno":179}
{"timestamp":"2026-03-21T19:00:01.424851Z","level":"info","event":"Filling up the DagBag from /opt/airflow/dags/pipeline_clima_dag.py","logger":"airflow.models.dagbag.BundleDagBag","filename":"dagbag.py","lineno":593}
{"timestamp":"2026-03-21T19:00:01.521244Z","level":"info","event":"Task instance is in running state","logger":"task.stdout"}
{"timestamp":"2026-03-21T19:00:01.521616Z","level":"info","event":" Previous state of the Task instance: TaskInstanceState.QUEUED","logger":"task.stdout"}
{"timestamp":"2026-03-21T19:00:01.522046Z","level":"info","event":"Current task name:bronze","logger":"task.stdout"}
{"timestamp":"2026-03-21T19:00:01.522275Z","level":"info","event":"Dag name:pipeline_clima_19","logger":"task.stdout"}
{"timestamp":"2026-03-21T19:00:01.523425Z","level":"info","event":" Buscando clima de Sao Paulo/SP...","logger":"task.stdout"}
{"timestamp":"2026-03-21T19:00:01.883783Z","level":"info","event":" Salvo em: /opt/airflow/dados/bronze/clima/sp_sao_paulo_20260321T190001Z.json","logger":"task.stdout"}
{"timestamp":"2026-03-21T19:00:01.884078Z","level":"info","event":" Buscando clima de Campinas/SP...","logger":"task.stdout"}
{"timestamp":"2026-03-21T19:00:02.242471Z","level":"info","event":" Salvo em: /opt/airflow/dados/bronze/clima/sp_campinas_20260321T190002Z.json","logger":"task.stdout"}
{"timestamp":"2026-03-21T19:00:02.242842Z","level":"info","event":" Buscando clima de Santos/SP...","logger":"task.stdout"}
{"timestamp":"2026-03-21T19:00:02.600259Z","level":"info","event":" Salvo em: /opt/airflow/dados/bronze/clima/sp_santos_20260321T190002Z.json","logger":"task.stdout"}
{"timestamp":"2026-03-21T19:00:02.600534Z","level":"info","event":" Buscando clima de Rio de Janeiro/RJ...","logger":"task.stdout"}
{"timestamp":"2026-03-21T19:00:02.961415Z","level":"info","event":" Salvo em: /opt/airflow/dados/bronze/clima/rj_rio_de_janeiro_20260321T190002Z.json","logger":"task.stdout"}
{"timestamp":"2026-03-21T19:00:02.961851Z","level":"info","event":" Buscando clima de Niteroi/RJ...","logger":"task.stdout"}
{"timestamp":"2026-03-21T19:00:03.342290Z","level":"info","event":" Salvo em: /opt/airflow/dados/bronze/clima/rj_niteroi_20260321T190003Z.json","logger":"task.stdout"}
{"timestamp":"2026-03-21T19:00:03.342988Z","level":"info","event":" Buscando clima de Petropolis/RJ...","logger":"task.stdout"}
{"timestamp":"2026-03-21T19:00:03.759272Z","level":"info","event":" Salvo em: /opt/airflow/dados/bronze/clima/rj_petropolis_20260321T190003Z.json","logger":"task.stdout"}
{"timestamp":"2026-03-21T19:00:03.760723Z","level":"info","event":"Done. Returned value was: None","logger":"airflow.task.operators.airflow.providers.standard.operators.python.PythonOperator","filename":"python.py","lineno":230}
{"timestamp":"2026-03-21T19:00:03.799149Z","level":"info","event":"Task instance in success state","logger":"task.stdout"}
{"timestamp":"2026-03-21T19:00:03.799886Z","level":"info","event":" Previous state of the Task instance: TaskInstanceState.RUNNING","logger":"task.stdout"}
{"timestamp":"2026-03-21T19:00:03.800820Z","level":"info","event":"Task operator:<Task(PythonOperator): bronze>","logger":"task.stdout"}
