{"timestamp":"2026-03-09T23:15:37.093446Z","level":"info","event":"DAG bundles loaded: dags-folder, example_dags","logger":"airflow.dag_processing.bundles.manager.DagBundlesManager","filename":"manager.py","lineno":179}
{"timestamp":"2026-03-09T23:15:37.095014Z","level":"info","event":"Filling up the DagBag from /opt/airflow/dags/pipeline_clima_dag.py","logger":"airflow.models.dagbag.BundleDagBag","filename":"dagbag.py","lineno":593}
{"timestamp":"2026-03-09T23:15:37.214829Z","level":"info","event":"Task instance is in running state","logger":"task.stdout"}
{"timestamp":"2026-03-09T23:15:37.215180Z","level":"info","event":" Previous state of the Task instance: TaskInstanceState.QUEUED","logger":"task.stdout"}
{"timestamp":"2026-03-09T23:15:37.215793Z","level":"info","event":"Current task name:bronze","logger":"task.stdout"}
{"timestamp":"2026-03-09T23:15:37.216014Z","level":"info","event":"Dag name:pipeline_clima_19","logger":"task.stdout"}
{"timestamp":"2026-03-09T23:15:37.216665Z","level":"info","event":" Buscando clima de Sao Paulo/SP...","logger":"task.stdout"}
{"timestamp":"2026-03-09T23:15:37.579469Z","level":"info","event":" Salvo em: /opt/airflow/dados/bronze/clima/sp_sao_paulo_20260309T231537Z.json","logger":"task.stdout"}
{"timestamp":"2026-03-09T23:15:37.579855Z","level":"info","event":" Buscando clima de Campinas/SP...","logger":"task.stdout"}
{"timestamp":"2026-03-09T23:15:37.961066Z","level":"info","event":" Salvo em: /opt/airflow/dados/bronze/clima/sp_campinas_20260309T231537Z.json","logger":"task.stdout"}
{"timestamp":"2026-03-09T23:15:37.961429Z","level":"info","event":" Buscando clima de Santos/SP...","logger":"task.stdout"}
{"timestamp":"2026-03-09T23:15:38.309421Z","level":"info","event":" Salvo em: /opt/airflow/dados/bronze/clima/sp_santos_20260309T231538Z.json","logger":"task.stdout"}
{"timestamp":"2026-03-09T23:15:38.309812Z","level":"info","event":" Buscando clima de Rio de Janeiro/RJ...","logger":"task.stdout"}
{"timestamp":"2026-03-09T23:15:38.701440Z","level":"info","event":" Salvo em: /opt/airflow/dados/bronze/clima/rj_rio_de_janeiro_20260309T231538Z.json","logger":"task.stdout"}
{"timestamp":"2026-03-09T23:15:38.701823Z","level":"info","event":" Buscando clima de Niteroi/RJ...","logger":"task.stdout"}
{"timestamp":"2026-03-09T23:15:39.041746Z","level":"info","event":" Salvo em: /opt/airflow/dados/bronze/clima/rj_niteroi_20260309T231539Z.json","logger":"task.stdout"}
{"timestamp":"2026-03-09T23:15:39.042115Z","level":"info","event":" Buscando clima de Petropolis/RJ...","logger":"task.stdout"}
{"timestamp":"2026-03-09T23:15:39.377341Z","level":"info","event":" Salvo em: /opt/airflow/dados/bronze/clima/rj_petropolis_20260309T231539Z.json","logger":"task.stdout"}
{"timestamp":"2026-03-09T23:15:39.377834Z","level":"info","event":"Done. Returned value was: None","logger":"airflow.task.operators.airflow.providers.standard.operators.python.PythonOperator","filename":"python.py","lineno":230}
{"timestamp":"2026-03-09T23:15:39.391671Z","level":"info","event":"Task instance in success state","logger":"task.stdout"}
{"timestamp":"2026-03-09T23:15:39.392030Z","level":"info","event":" Previous state of the Task instance: TaskInstanceState.RUNNING","logger":"task.stdout"}
{"timestamp":"2026-03-09T23:15:39.392347Z","level":"info","event":"Task operator:<Task(PythonOperator): bronze>","logger":"task.stdout"}
