{"timestamp":"2026-03-09T23:13:33.655852Z","level":"info","event":"DAG bundles loaded: dags-folder, example_dags","logger":"airflow.dag_processing.bundles.manager.DagBundlesManager","filename":"manager.py","lineno":179}
{"timestamp":"2026-03-09T23:13:33.657499Z","level":"info","event":"Filling up the DagBag from /opt/airflow/dags/pipeline_clima_dag.py","logger":"airflow.models.dagbag.BundleDagBag","filename":"dagbag.py","lineno":593}
{"timestamp":"2026-03-09T23:13:33.799073Z","level":"info","event":"Task instance is in running state","logger":"task.stdout"}
{"timestamp":"2026-03-09T23:13:33.799438Z","level":"info","event":" Previous state of the Task instance: TaskInstanceState.QUEUED","logger":"task.stdout"}
{"timestamp":"2026-03-09T23:13:33.799808Z","level":"info","event":"Current task name:bronze","logger":"task.stdout"}
{"timestamp":"2026-03-09T23:13:33.800023Z","level":"info","event":"Dag name:pipeline_clima_19","logger":"task.stdout"}
{"timestamp":"2026-03-09T23:13:33.801047Z","level":"info","event":" Buscando clima de Sao Paulo/SP...","logger":"task.stdout"}
{"timestamp":"2026-03-09T23:13:34.157257Z","level":"info","event":" Salvo em: /opt/airflow/dados/bronze/clima/sp_sao_paulo_20260309T231334Z.json","logger":"task.stdout"}
{"timestamp":"2026-03-09T23:13:34.157719Z","level":"info","event":" Buscando clima de Campinas/SP...","logger":"task.stdout"}
{"timestamp":"2026-03-09T23:13:34.523005Z","level":"info","event":" Salvo em: /opt/airflow/dados/bronze/clima/sp_campinas_20260309T231334Z.json","logger":"task.stdout"}
{"timestamp":"2026-03-09T23:13:34.523411Z","level":"info","event":" Buscando clima de Santos/SP...","logger":"task.stdout"}
{"timestamp":"2026-03-09T23:13:34.875607Z","level":"info","event":" Salvo em: /opt/airflow/dados/bronze/clima/sp_santos_20260309T231334Z.json","logger":"task.stdout"}
{"timestamp":"2026-03-09T23:13:34.876194Z","level":"info","event":" Buscando clima de Rio de Janeiro/RJ...","logger":"task.stdout"}
{"timestamp":"2026-03-09T23:13:35.233919Z","level":"info","event":" Salvo em: /opt/airflow/dados/bronze/clima/rj_rio_de_janeiro_20260309T231335Z.json","logger":"task.stdout"}
{"timestamp":"2026-03-09T23:13:35.234287Z","level":"info","event":" Buscando clima de Niteroi/RJ...","logger":"task.stdout"}
{"timestamp":"2026-03-09T23:13:35.586697Z","level":"info","event":" Salvo em: /opt/airflow/dados/bronze/clima/rj_niteroi_20260309T231335Z.json","logger":"task.stdout"}
{"timestamp":"2026-03-09T23:13:35.587189Z","level":"info","event":" Buscando clima de Petropolis/RJ...","logger":"task.stdout"}
{"timestamp":"2026-03-09T23:13:35.946637Z","level":"info","event":" Salvo em: /opt/airflow/dados/bronze/clima/rj_petropolis_20260309T231335Z.json","logger":"task.stdout"}
{"timestamp":"2026-03-09T23:13:35.947095Z","level":"info","event":"Done. Returned value was: None","logger":"airflow.task.operators.airflow.providers.standard.operators.python.PythonOperator","filename":"python.py","lineno":230}
{"timestamp":"2026-03-09T23:13:35.972046Z","level":"info","event":"Task instance in success state","logger":"task.stdout"}
{"timestamp":"2026-03-09T23:13:35.972424Z","level":"info","event":" Previous state of the Task instance: TaskInstanceState.RUNNING","logger":"task.stdout"}
{"timestamp":"2026-03-09T23:13:35.972724Z","level":"info","event":"Task operator:<Task(PythonOperator): bronze>","logger":"task.stdout"}
