{"timestamp":"2026-03-20T22:16:23.654870Z","level":"info","event":"DAG bundles loaded: dags-folder, example_dags","logger":"airflow.dag_processing.bundles.manager.DagBundlesManager","filename":"manager.py","lineno":179}
{"timestamp":"2026-03-20T22:16:23.656503Z","level":"info","event":"Filling up the DagBag from /opt/airflow/dags/pipeline_clima_dag.py","logger":"airflow.models.dagbag.BundleDagBag","filename":"dagbag.py","lineno":593}
{"timestamp":"2026-03-20T22:16:23.758802Z","level":"info","event":"Task instance is in running state","logger":"task.stdout"}
{"timestamp":"2026-03-20T22:16:23.759233Z","level":"info","event":" Previous state of the Task instance: TaskInstanceState.QUEUED","logger":"task.stdout"}
{"timestamp":"2026-03-20T22:16:23.760243Z","level":"info","event":"Current task name:bronze","logger":"task.stdout"}
{"timestamp":"2026-03-20T22:16:23.760489Z","level":"info","event":"Dag name:pipeline_clima_19","logger":"task.stdout"}
{"timestamp":"2026-03-20T22:16:23.761025Z","level":"info","event":" Buscando clima de Sao Paulo/SP...","logger":"task.stdout"}
{"timestamp":"2026-03-20T22:16:24.173286Z","level":"info","event":" Salvo em: /opt/airflow/dados/bronze/clima/sp_sao_paulo_20260320T221624Z.json","logger":"task.stdout"}
{"timestamp":"2026-03-20T22:16:24.173574Z","level":"info","event":" Buscando clima de Campinas/SP...","logger":"task.stdout"}
{"timestamp":"2026-03-20T22:16:24.592009Z","level":"info","event":" Salvo em: /opt/airflow/dados/bronze/clima/sp_campinas_20260320T221624Z.json","logger":"task.stdout"}
{"timestamp":"2026-03-20T22:16:24.592299Z","level":"info","event":" Buscando clima de Santos/SP...","logger":"task.stdout"}
{"timestamp":"2026-03-20T22:16:25.005981Z","level":"info","event":" Salvo em: /opt/airflow/dados/bronze/clima/sp_santos_20260320T221625Z.json","logger":"task.stdout"}
{"timestamp":"2026-03-20T22:16:25.006286Z","level":"info","event":" Buscando clima de Rio de Janeiro/RJ...","logger":"task.stdout"}
{"timestamp":"2026-03-20T22:16:25.411226Z","level":"info","event":" Salvo em: /opt/airflow/dados/bronze/clima/rj_rio_de_janeiro_20260320T221625Z.json","logger":"task.stdout"}
{"timestamp":"2026-03-20T22:16:25.411585Z","level":"info","event":" Buscando clima de Niteroi/RJ...","logger":"task.stdout"}
{"timestamp":"2026-03-20T22:16:25.819633Z","level":"info","event":" Salvo em: /opt/airflow/dados/bronze/clima/rj_niteroi_20260320T221625Z.json","logger":"task.stdout"}
{"timestamp":"2026-03-20T22:16:25.820043Z","level":"info","event":" Buscando clima de Petropolis/RJ...","logger":"task.stdout"}
{"timestamp":"2026-03-20T22:16:26.221028Z","level":"info","event":" Salvo em: /opt/airflow/dados/bronze/clima/rj_petropolis_20260320T221626Z.json","logger":"task.stdout"}
{"timestamp":"2026-03-20T22:16:26.221571Z","level":"info","event":"Done. Returned value was: None","logger":"airflow.task.operators.airflow.providers.standard.operators.python.PythonOperator","filename":"python.py","lineno":230}
{"timestamp":"2026-03-20T22:16:26.235776Z","level":"info","event":"Task instance in success state","logger":"task.stdout"}
{"timestamp":"2026-03-20T22:16:26.236122Z","level":"info","event":" Previous state of the Task instance: TaskInstanceState.RUNNING","logger":"task.stdout"}
{"timestamp":"2026-03-20T22:16:26.236423Z","level":"info","event":"Task operator:<Task(PythonOperator): bronze>","logger":"task.stdout"}
