{"timestamp":"2026-03-21T20:00:01.433863Z","level":"info","event":"DAG bundles loaded: dags-folder, example_dags","logger":"airflow.dag_processing.bundles.manager.DagBundlesManager","filename":"manager.py","lineno":179}
{"timestamp":"2026-03-21T20:00:01.436001Z","level":"info","event":"Filling up the DagBag from /opt/airflow/dags/pipeline_clima_dag.py","logger":"airflow.models.dagbag.BundleDagBag","filename":"dagbag.py","lineno":593}
{"timestamp":"2026-03-21T20:00:01.555938Z","level":"info","event":"Task instance is in running state","logger":"task.stdout"}
{"timestamp":"2026-03-21T20:00:01.556497Z","level":"info","event":" Previous state of the Task instance: TaskInstanceState.QUEUED","logger":"task.stdout"}
{"timestamp":"2026-03-21T20:00:01.556988Z","level":"info","event":"Current task name:bronze","logger":"task.stdout"}
{"timestamp":"2026-03-21T20:00:01.557266Z","level":"info","event":"Dag name:pipeline_clima_20","logger":"task.stdout"}
{"timestamp":"2026-03-21T20:00:01.558359Z","level":"info","event":" Buscando clima de Rio Branco/AC...","logger":"task.stdout"}
{"timestamp":"2026-03-21T20:00:01.957716Z","level":"info","event":" Salvo em: /opt/airflow/dados/bronze/clima/ac_rio_branco_20260321T200001Z.json","logger":"task.stdout"}
{"timestamp":"2026-03-21T20:00:01.958054Z","level":"info","event":" Buscando clima de Maceio/AL...","logger":"task.stdout"}
{"timestamp":"2026-03-21T20:00:02.358643Z","level":"info","event":" Salvo em: /opt/airflow/dados/bronze/clima/al_maceio_20260321T200002Z.json","logger":"task.stdout"}
{"timestamp":"2026-03-21T20:00:02.358960Z","level":"info","event":" Buscando clima de Macapa/AP...","logger":"task.stdout"}
{"timestamp":"2026-03-21T20:00:02.754091Z","level":"info","event":" Salvo em: /opt/airflow/dados/bronze/clima/ap_macapa_20260321T200002Z.json","logger":"task.stdout"}
{"timestamp":"2026-03-21T20:00:02.754410Z","level":"info","event":" Buscando clima de Manaus/AM...","logger":"task.stdout"}
{"timestamp":"2026-03-21T20:00:03.151260Z","level":"info","event":" Salvo em: /opt/airflow/dados/bronze/clima/am_manaus_20260321T200003Z.json","logger":"task.stdout"}
{"timestamp":"2026-03-21T20:00:03.151549Z","level":"info","event":" Buscando clima de Salvador/BA...","logger":"task.stdout"}
{"timestamp":"2026-03-21T20:00:03.546466Z","level":"info","event":" Salvo em: /opt/airflow/dados/bronze/clima/ba_salvador_20260321T200003Z.json","logger":"task.stdout"}
{"timestamp":"2026-03-21T20:00:03.547416Z","level":"info","event":" Buscando clima de Fortaleza/CE...","logger":"task.stdout"}
{"timestamp":"2026-03-21T20:00:03.963702Z","level":"info","event":" Salvo em: /opt/airflow/dados/bronze/clima/ce_fortaleza_20260321T200003Z.json","logger":"task.stdout"}
{"timestamp":"2026-03-21T20:00:03.964053Z","level":"info","event":" Buscando clima de Brasilia/DF...","logger":"task.stdout"}
{"timestamp":"2026-03-21T20:00:04.366013Z","level":"info","event":" Salvo em: /opt/airflow/dados/bronze/clima/df_brasilia_20260321T200004Z.json","logger":"task.stdout"}
{"timestamp":"2026-03-21T20:00:04.366448Z","level":"info","event":" Buscando clima de Vitoria/ES...","logger":"task.stdout"}
{"timestamp":"2026-03-21T20:00:04.819429Z","level":"info","event":" Salvo em: /opt/airflow/dados/bronze/clima/es_vitoria_20260321T200004Z.json","logger":"task.stdout"}
{"timestamp":"2026-03-21T20:00:04.819923Z","level":"info","event":" Buscando clima de Goiania/GO...","logger":"task.stdout"}
{"timestamp":"2026-03-21T20:00:05.206692Z","level":"info","event":" Salvo em: /opt/airflow/dados/bronze/clima/go_goiania_20260321T200005Z.json","logger":"task.stdout"}
{"timestamp":"2026-03-21T20:00:05.207231Z","level":"info","event":" Buscando clima de Sao Luis/MA...","logger":"task.stdout"}
{"timestamp":"2026-03-21T20:00:05.697307Z","level":"info","event":" Salvo em: /opt/airflow/dados/bronze/clima/ma_sao_luis_20260321T200005Z.json","logger":"task.stdout"}
{"timestamp":"2026-03-21T20:00:05.697620Z","level":"info","event":" Buscando clima de Cuiaba/MT...","logger":"task.stdout"}
{"timestamp":"2026-03-21T20:00:06.218649Z","level":"info","event":" Salvo em: /opt/airflow/dados/bronze/clima/mt_cuiaba_20260321T200006Z.json","logger":"task.stdout"}
{"timestamp":"2026-03-21T20:00:06.218996Z","level":"info","event":" Buscando clima de Campo Grande/MS...","logger":"task.stdout"}
{"timestamp":"2026-03-21T20:00:06.598289Z","level":"info","event":" Salvo em: /opt/airflow/dados/bronze/clima/ms_campo_grande_20260321T200006Z.json","logger":"task.stdout"}
{"timestamp":"2026-03-21T20:00:06.598569Z","level":"info","event":" Buscando clima de Belo Horizonte/MG...","logger":"task.stdout"}
{"timestamp":"2026-03-21T20:00:06.983359Z","level":"info","event":" Salvo em: /opt/airflow/dados/bronze/clima/mg_belo_horizonte_20260321T200006Z.json","logger":"task.stdout"}
{"timestamp":"2026-03-21T20:00:06.983683Z","level":"info","event":" Buscando clima de Belem/PA...","logger":"task.stdout"}
{"timestamp":"2026-03-21T20:00:07.405193Z","level":"info","event":" Salvo em: /opt/airflow/dados/bronze/clima/pa_belem_20260321T200007Z.json","logger":"task.stdout"}
{"timestamp":"2026-03-21T20:00:07.405535Z","level":"info","event":" Buscando clima de Joao Pessoa/PB...","logger":"task.stdout"}
{"timestamp":"2026-03-21T20:00:07.789464Z","level":"info","event":" Salvo em: /opt/airflow/dados/bronze/clima/pb_joao_pessoa_20260321T200007Z.json","logger":"task.stdout"}
{"timestamp":"2026-03-21T20:00:07.789786Z","level":"info","event":" Buscando clima de Curitiba/PR...","logger":"task.stdout"}
{"timestamp":"2026-03-21T20:00:08.169347Z","level":"info","event":" Salvo em: /opt/airflow/dados/bronze/clima/pr_curitiba_20260321T200008Z.json","logger":"task.stdout"}
{"timestamp":"2026-03-21T20:00:08.169769Z","level":"info","event":" Buscando clima de Recife/PE...","logger":"task.stdout"}
{"timestamp":"2026-03-21T20:00:08.547131Z","level":"info","event":" Salvo em: /opt/airflow/dados/bronze/clima/pe_recife_20260321T200008Z.json","logger":"task.stdout"}
{"timestamp":"2026-03-21T20:00:08.547440Z","level":"info","event":" Buscando clima de Teresina/PI...","logger":"task.stdout"}
{"timestamp":"2026-03-21T20:00:08.930326Z","level":"info","event":" Salvo em: /opt/airflow/dados/bronze/clima/pi_teresina_20260321T200008Z.json","logger":"task.stdout"}
{"timestamp":"2026-03-21T20:00:08.930806Z","level":"info","event":" Buscando clima de Rio de Janeiro/RJ...","logger":"task.stdout"}
{"timestamp":"2026-03-21T20:00:09.309578Z","level":"info","event":" Salvo em: /opt/airflow/dados/bronze/clima/rj_rio_de_janeiro_20260321T200009Z.json","logger":"task.stdout"}
{"timestamp":"2026-03-21T20:00:09.309879Z","level":"info","event":" Buscando clima de Natal/RN...","logger":"task.stdout"}
{"timestamp":"2026-03-21T20:00:09.698138Z","level":"info","event":" Salvo em: /opt/airflow/dados/bronze/clima/rn_natal_20260321T200009Z.json","logger":"task.stdout"}
{"timestamp":"2026-03-21T20:00:09.698496Z","level":"info","event":" Buscando clima de Porto Alegre/RS...","logger":"task.stdout"}
{"timestamp":"2026-03-21T20:00:10.080482Z","level":"info","event":" Salvo em: /opt/airflow/dados/bronze/clima/rs_porto_alegre_20260321T200010Z.json","logger":"task.stdout"}
{"timestamp":"2026-03-21T20:00:10.080784Z","level":"info","event":" Buscando clima de Porto Velho/RO...","logger":"task.stdout"}
{"timestamp":"2026-03-21T20:00:10.457184Z","level":"info","event":" Salvo em: /opt/airflow/dados/bronze/clima/ro_porto_velho_20260321T200010Z.json","logger":"task.stdout"}
{"timestamp":"2026-03-21T20:00:10.457493Z","level":"info","event":" Buscando clima de Boa Vista/RR...","logger":"task.stdout"}
{"timestamp":"2026-03-21T20:00:10.839281Z","level":"info","event":" Salvo em: /opt/airflow/dados/bronze/clima/rr_boa_vista_20260321T200010Z.json","logger":"task.stdout"}
{"timestamp":"2026-03-21T20:00:10.839591Z","level":"info","event":" Buscando clima de Florianopolis/SC...","logger":"task.stdout"}
{"timestamp":"2026-03-21T20:00:11.217985Z","level":"info","event":" Salvo em: /opt/airflow/dados/bronze/clima/sc_florianopolis_20260321T200011Z.json","logger":"task.stdout"}
{"timestamp":"2026-03-21T20:00:11.218269Z","level":"info","event":" Buscando clima de Sao Paulo/SP...","logger":"task.stdout"}
{"timestamp":"2026-03-21T20:00:11.603229Z","level":"info","event":" Salvo em: /opt/airflow/dados/bronze/clima/sp_sao_paulo_20260321T200011Z.json","logger":"task.stdout"}
{"timestamp":"2026-03-21T20:00:11.603554Z","level":"info","event":" Buscando clima de Aracaju/SE...","logger":"task.stdout"}
{"timestamp":"2026-03-21T20:00:11.989853Z","level":"info","event":" Salvo em: /opt/airflow/dados/bronze/clima/se_aracaju_20260321T200011Z.json","logger":"task.stdout"}
{"timestamp":"2026-03-21T20:00:11.990285Z","level":"info","event":" Buscando clima de Palmas/TO...","logger":"task.stdout"}
{"timestamp":"2026-03-21T20:00:12.412243Z","level":"info","event":" Salvo em: /opt/airflow/dados/bronze/clima/to_palmas_20260321T200012Z.json","logger":"task.stdout"}
{"timestamp":"2026-03-21T20:00:12.412812Z","level":"info","event":"Done. Returned value was: None","logger":"airflow.task.operators.airflow.providers.standard.operators.python.PythonOperator","filename":"python.py","lineno":230}
{"timestamp":"2026-03-21T20:00:12.428448Z","level":"info","event":"Task instance in success state","logger":"task.stdout"}
{"timestamp":"2026-03-21T20:00:12.428813Z","level":"info","event":" Previous state of the Task instance: TaskInstanceState.RUNNING","logger":"task.stdout"}
{"timestamp":"2026-03-21T20:00:12.429108Z","level":"info","event":"Task operator:<Task(PythonOperator): bronze>","logger":"task.stdout"}
