{"timestamp":"2026-03-20T22:16:20.452920Z","level":"info","event":"DAG bundles loaded: dags-folder, example_dags","logger":"airflow.dag_processing.bundles.manager.DagBundlesManager","filename":"manager.py","lineno":179}
{"timestamp":"2026-03-20T22:16:20.454463Z","level":"info","event":"Filling up the DagBag from /opt/airflow/dags/pipeline_clima_dag.py","logger":"airflow.models.dagbag.BundleDagBag","filename":"dagbag.py","lineno":593}
{"timestamp":"2026-03-20T22:16:20.550181Z","level":"info","event":"Task instance is in running state","logger":"task.stdout"}
{"timestamp":"2026-03-20T22:16:20.550793Z","level":"info","event":" Previous state of the Task instance: TaskInstanceState.QUEUED","logger":"task.stdout"}
{"timestamp":"2026-03-20T22:16:20.551453Z","level":"info","event":"Current task name:silver","logger":"task.stdout"}
{"timestamp":"2026-03-20T22:16:20.551710Z","level":"info","event":"Dag name:pipeline_clima_19","logger":"task.stdout"}
{"timestamp":"2026-03-20T22:16:20.553536Z","level":"error","event":"Task failed with exception","logger":"task","filename":"task_runner.py","lineno":1142,"error_detail":[{"exc_type":"OperationalError","exc_value":"connection to server at \"localhost\" (::1), port 5432 failed: Connection refused\n\tIs the server running on that host and accepting TCP/IP connections?\nconnection to server at \"localhost\" (127.0.0.1), port 5432 failed: Connection refused\n\tIs the server running on that host and accepting TCP/IP connections?\n","exc_notes":[],"syntax_error":null,"is_cause":false,"frames":[{"filename":"/home/airflow/.local/lib/python3.12/site-packages/airflow/sdk/execution_time/task_runner.py","lineno":1068,"name":"run"},{"filename":"/home/airflow/.local/lib/python3.12/site-packages/airflow/sdk/execution_time/task_runner.py","lineno":1477,"name":"_execute_task"},{"filename":"/home/airflow/.local/lib/python3.12/site-packages/airflow/sdk/bases/operator.py","lineno":417,"name":"wrapper"},{"filename":"/home/airflow/.local/lib/python3.12/site-packages/airflow/providers/standard/operators/python.py","lineno":228,"name":"execute"},{"filename":"/home/airflow/.local/lib/python3.12/site-packages/airflow/providers/standard/operators/python.py","lineno":251,"name":"execute_callable"},{"filename":"/home/airflow/.local/lib/python3.12/site-packages/airflow/sdk/execution_time/callback_runner.py","lineno":82,"name":"run"},{"filename":"/opt/airflow/codigo_fonte/transformacao/bronze_para_silver.py","lineno":114,"name":"executar_silver"},{"filename":"/opt/airflow/codigo_fonte/transformacao/bronze_para_silver.py","lineno":21,"name":"__init__"},{"filename":"/home/airflow/.local/lib/python3.12/site-packages/psycopg2/__init__.py","lineno":122,"name":"connect"}],"is_group":false,"exceptions":[]}]}
{"timestamp":"2026-03-20T22:16:20.554753Z","level":"info","event":"Task instance in failure state","logger":"task.stdout"}
{"timestamp":"2026-03-20T22:16:20.555044Z","level":"info","event":"Task start","logger":"task.stdout"}
{"timestamp":"2026-03-20T22:16:20.555325Z","level":"info","event":"Task:<Task(PythonOperator): silver>","logger":"task.stdout"}
{"timestamp":"2026-03-20T22:16:20.555552Z","level":"info","event":"Failure caused by connection to server at \"localhost\" (::1), port 5432 failed: Connection refused","logger":"task.stdout"}
{"timestamp":"2026-03-20T22:16:20.555786Z","level":"info","event":"\tIs the server running on that host and accepting TCP/IP connections?","logger":"task.stdout"}
{"timestamp":"2026-03-20T22:16:20.556006Z","level":"info","event":"connection to server at \"localhost\" (127.0.0.1), port 5432 failed: Connection refused","logger":"task.stdout"}
{"timestamp":"2026-03-20T22:16:20.556238Z","level":"info","event":"\tIs the server running on that host and accepting TCP/IP connections?","logger":"task.stdout"}
{"timestamp":"2026-03-20T22:16:20.556458Z","level":"info","event":"","logger":"task.stdout"}
{"timestamp":"2026-03-20T22:42:46.681686Z","level":"info","event":"DAG bundles loaded: dags-folder, example_dags","logger":"airflow.dag_processing.bundles.manager.DagBundlesManager","filename":"manager.py","lineno":179}
{"timestamp":"2026-03-20T22:42:46.684092Z","level":"info","event":"Filling up the DagBag from /opt/airflow/dags/pipeline_clima_dag.py","logger":"airflow.models.dagbag.BundleDagBag","filename":"dagbag.py","lineno":593}
{"timestamp":"2026-03-20T22:42:46.869872Z","level":"info","event":"Task instance is in running state","logger":"task.stdout"}
{"timestamp":"2026-03-20T22:42:46.870642Z","level":"info","event":" Previous state of the Task instance: TaskInstanceState.QUEUED","logger":"task.stdout"}
{"timestamp":"2026-03-20T22:42:46.871173Z","level":"info","event":"Current task name:silver","logger":"task.stdout"}
{"timestamp":"2026-03-20T22:42:46.871474Z","level":"info","event":"Dag name:pipeline_clima_19","logger":"task.stdout"}
{"timestamp":"2026-03-20T22:42:46.930466Z","level":"info","event":"🔌 Conexão com o banco iniciada.","logger":"task.stdout"}
{"timestamp":"2026-03-20T22:42:47.118525Z","level":"info","event":"✅ Inseridos 18 registros na silver_clima.","logger":"task.stdout"}
{"timestamp":"2026-03-20T22:42:47.123987Z","level":"info","event":"📁 Arquivos movidos para: /opt/airflow/dados/bronze/clima/processados","logger":"task.stdout"}
{"timestamp":"2026-03-20T22:42:47.124525Z","level":"info","event":"🔌 Conexão com o banco encerrada.","logger":"task.stdout"}
{"timestamp":"2026-03-20T22:42:47.125235Z","level":"info","event":"Done. Returned value was: None","logger":"airflow.task.operators.airflow.providers.standard.operators.python.PythonOperator","filename":"python.py","lineno":230}
{"timestamp":"2026-03-20T22:42:47.143102Z","level":"info","event":"Task instance in success state","logger":"task.stdout"}
{"timestamp":"2026-03-20T22:42:47.143537Z","level":"info","event":" Previous state of the Task instance: TaskInstanceState.RUNNING","logger":"task.stdout"}
{"timestamp":"2026-03-20T22:42:47.144249Z","level":"info","event":"Task operator:<Task(PythonOperator): silver>","logger":"task.stdout"}
